android/build/intermediates/manifest_merge_blame_file/debug/processDebugMainManifest/manifest-merger-blame-debug-report.txt
1<?xml version="1.0" encoding="utf-8"?>
2<manifest xmlns:android="http://schemas.android.com/apk/res/android"
3    package="ru.myitschool.rogal"
4    android:versionCode="1"
5    android:versionName="1.0" >
6
7    <uses-sdk
8        android:minSdkVersion="19"
9        android:targetSdkVersion="34" />
10
11    <uses-feature
11-->rogal\android\AndroidManifest.xml:5:3-75
12        android:glEsVersion="0x00020000"
12-->rogal\android\AndroidManifest.xml:5:17-49
13        android:required="true" />
13-->rogal\android\AndroidManifest.xml:5:50-73
14
15    <uses-permission android:name="android.permission.INTERNET" />
15-->rogal\android\AndroidManifest.xml:6:5-67
15-->rogal\android\AndroidManifest.xml:6:22-64
16    <uses-permission android:name="android.permission.REQUEST_INSTALL_PACKAGES" />
16-->rogal\android\AndroidManifest.xml:7:5-83
16-->rogal\android\AndroidManifest.xml:7:22-80
17    <uses-permission
17-->rogal\android\AndroidManifest.xml:8:5-10:38
18        android:name="android.permission.WRITE_EXTERNAL_STORAGE"
18-->rogal\android\AndroidManifest.xml:9:9-65
19        android:maxSdkVersion="28" />
19-->rogal\android\AndroidManifest.xml:10:9-35
20
21    <application
21-->rogal\android\AndroidManifest.xml:11:3-44:17
22        android:allowBackup="true"
22-->rogal\android\AndroidManifest.xml:12:7-33
23        android:appCategory="game"
23-->rogal\android\AndroidManifest.xml:16:7-33
24        android:appComponentFactory="androidx.core.app.CoreComponentFactory"
24-->[androidx.core:core:1.7.0] AndroidManifest.xml:24:18-86
25        android:debuggable="true"
26        android:extractNativeLibs="true"
27        android:fullBackupContent="true"
27-->rogal\android\AndroidManifest.xml:13:7-39
28        android:icon="@drawable/ic_launcher"
28-->rogal\android\AndroidManifest.xml:14:7-43
29        android:isGame="true"
29-->rogal\android\AndroidManifest.xml:15:7-28
30        android:label="@string/app_name"
30-->rogal\android\AndroidManifest.xml:17:7-39
31        android:testOnly="true"
32        android:theme="@style/GdxTheme" >
32-->rogal\android\AndroidManifest.xml:19:7-38
33        <activity
33-->rogal\android\AndroidManifest.xml:20:5-31:16
34            android:name="ru.myitschool.rogal.android.AndroidLauncher"
34-->rogal\android\AndroidManifest.xml:21:9-67
35            android:configChanges="keyboard|keyboardHidden|navigation|orientation|screenSize|screenLayout|smallestScreenSize|uiMode"
35-->rogal\android\AndroidManifest.xml:24:9-129
36            android:exported="true"
36-->rogal\android\AndroidManifest.xml:26:9-32
37            android:label="@string/app_name"
37-->rogal\android\AndroidManifest.xml:22:9-41
38            android:launchMode="singleTask"
38-->rogal\android\AndroidManifest.xml:25:9-40
39            android:screenOrientation="landscape" >
39-->rogal\android\AndroidManifest.xml:23:9-46
40            <intent-filter>
40-->rogal\android\AndroidManifest.xml:27:9-30:23
41                <action android:name="android.intent.action.MAIN" />
41-->rogal\android\AndroidManifest.xml:28:9-60
41-->rogal\android\AndroidManifest.xml:28:17-58
42
43                <category android:name="android.intent.category.LAUNCHER" />
43-->rogal\android\AndroidManifest.xml:29:9-68
43-->rogal\android\AndroidManifest.xml:29:19-66
44            </intent-filter>
45        </activity>
46
47        <!-- Добавляем FileProvider для установки APK -->
48        <provider
49            android:name="androidx.core.content.FileProvider"
49-->rogal\android\AndroidManifest.xml:35:11-60
50            android:authorities="ru.myitschool.rogal.provider"
50-->rogal\android\AndroidManifest.xml:36:11-58
51            android:exported="false"
51-->rogal\android\AndroidManifest.xml:37:11-35
52            android:grantUriPermissions="true" >
52-->rogal\android\AndroidManifest.xml:38:11-45
53            <meta-data
53-->rogal\android\AndroidManifest.xml:39:11-41:52
54                android:name="android.support.FILE_PROVIDER_PATHS"
54-->rogal\android\AndroidManifest.xml:40:15-65
55                android:resource="@xml/file_paths" />
55-->rogal\android\AndroidManifest.xml:41:15-49
56        </provider>
57    </application>
58
59</manifest>